Connecting to database specified by database.yml
Connecting to database specified by database.yml
Connecting to database specified by database.yml
Connecting to database specified by database.yml
Connecting to database specified by database.yml
Connecting to database specified by database.yml
Connecting to database specified by database.yml
  [1m[36m (0.1ms)[0m  [1mselect sqlite_version(*)[0m
  [1m[35m (1.7ms)[0m  CREATE TABLE "schema_migrations" ("version" varchar(255) NOT NULL) 
  [1m[36m (0.9ms)[0m  [1mCREATE UNIQUE INDEX "unique_schema_migrations" ON "schema_migrations" ("version")[0m
  [1m[35m (0.1ms)[0m  SELECT "schema_migrations"."version" FROM "schema_migrations" 
Migrating to CreateUsers (20130529212328)
  [1m[36m (0.0ms)[0m  [1mbegin transaction[0m
  [1m[35m (0.3ms)[0m  CREATE TABLE "users" ("id" INTEGER PRIMARY KEY AUTOINCREMENT NOT NULL, "first_name" varchar(255), "last_name" varchar(255), "email" varchar(255), "created_at" datetime NOT NULL, "updated_at" datetime NOT NULL) 
  [1m[36m (0.1ms)[0m  [1mINSERT INTO "schema_migrations" ("version") VALUES ('20130529212328')[0m
  [1m[35m (0.6ms)[0m  commit transaction
Migrating to CreateAnimals (20130529212340)
  [1m[36m (0.0ms)[0m  [1mbegin transaction[0m
  [1m[35m (0.2ms)[0m  CREATE TABLE "animals" ("id" INTEGER PRIMARY KEY AUTOINCREMENT NOT NULL, "name" varchar(255), "created_at" datetime NOT NULL, "updated_at" datetime NOT NULL) 
  [1m[36m (0.0ms)[0m  [1mINSERT INTO "schema_migrations" ("version") VALUES ('20130529212340')[0m
  [1m[35m (0.6ms)[0m  commit transaction
Migrating to CreatePrimalCuts (20130529212354)
  [1m[36m (0.0ms)[0m  [1mbegin transaction[0m
  [1m[35m (0.2ms)[0m  CREATE TABLE "primal_cuts" ("id" INTEGER PRIMARY KEY AUTOINCREMENT NOT NULL, "name" varchar(255), "animal_id" integer, "created_at" datetime NOT NULL, "updated_at" datetime NOT NULL) 
  [1m[36m (0.1ms)[0m  [1mCREATE INDEX "index_primal_cuts_on_animal_id" ON "primal_cuts" ("animal_id")[0m
  [1m[35m (0.0ms)[0m  INSERT INTO "schema_migrations" ("version") VALUES ('20130529212354')
  [1m[36m (0.5ms)[0m  [1mcommit transaction[0m
Migrating to CreateCuts (20130529212423)
  [1m[35m (0.0ms)[0m  begin transaction
  [1m[36m (0.3ms)[0m  [1mCREATE TABLE "cuts" ("id" INTEGER PRIMARY KEY AUTOINCREMENT NOT NULL, "name" varchar(255), "primal_cut_id" integer, "animal_id" integer, "created_at" datetime NOT NULL, "updated_at" datetime NOT NULL) [0m
  [1m[35m (0.1ms)[0m  CREATE INDEX "index_cuts_on_primal_cut_id" ON "cuts" ("primal_cut_id")
  [1m[36m (0.1ms)[0m  [1mCREATE INDEX "index_cuts_on_animal_id" ON "cuts" ("animal_id")[0m
  [1m[35m (0.1ms)[0m  INSERT INTO "schema_migrations" ("version") VALUES ('20130529212423')
  [1m[36m (0.8ms)[0m  [1mcommit transaction[0m
  [1m[35m (0.1ms)[0m  SELECT "schema_migrations"."version" FROM "schema_migrations" 
Connecting to database specified by database.yml
Connecting to database specified by database.yml


Started GET "/users.json" for 127.0.0.1 at 2013-05-29 14:39:27 -0700
Processing by UsersController#index as JSON
  [1m[36mUser Load (0.1ms)[0m  [1mSELECT "users".* FROM "users" [0m
Completed 200 OK in 8ms (Views: 0.2ms | ActiveRecord: 0.0ms)
Connecting to database specified by database.yml
Connecting to database specified by database.yml
Connecting to database specified by database.yml
Connecting to database specified by database.yml


Started GET "/users.json" for 127.0.0.1 at 2013-05-29 14:40:57 -0700
Processing by UsersController#index as JSON
  [1m[36mUser Load (0.1ms)[0m  [1mSELECT "users".* FROM "users" [0m
Completed 200 OK in 13ms (Views: 1.4ms | ActiveRecord: 0.0ms)


Started GET "/users.json" for 127.0.0.1 at 2013-05-29 14:40:58 -0700
Processing by UsersController#index as JSON
  [1m[35mUser Load (0.2ms)[0m  SELECT "users".* FROM "users" 
Completed 200 OK in 2ms (Views: 0.3ms | ActiveRecord: 0.0ms)


Started GET "/users.json" for 127.0.0.1 at 2013-05-29 14:41:14 -0700
Processing by UsersController#index as JSON
  [1m[36mUser Load (0.1ms)[0m  [1mSELECT "users".* FROM "users" [0m
Completed 200 OK in 1ms (Views: 0.2ms | ActiveRecord: 0.0ms)


Started GET "/users.json" for 127.0.0.1 at 2013-05-29 14:41:14 -0700
Processing by UsersController#index as JSON
  [1m[35mUser Load (0.2ms)[0m  SELECT "users".* FROM "users" 
Completed 200 OK in 1ms (Views: 0.3ms | ActiveRecord: 0.0ms)


Started GET "/users/1.json" for 127.0.0.1 at 2013-05-29 14:41:22 -0700
Processing by UsersController#show as JSON
  Parameters: {"id"=>"1"}
  [1m[36mUser Load (0.2ms)[0m  [1mSELECT "users".* FROM "users" WHERE "users"."id" = ? LIMIT 1[0m  [["id", "1"]]
Completed 500 Internal Server Error in 2ms

ActionView::MissingTemplate (Missing template users/show, application/show with {:locale=>[:en], :formats=>[:json], :handlers=>[:erb, :builder]}. Searched in:
):
  actionpack (3.2.13) lib/action_view/path_set.rb:58:in `find'
  actionpack (3.2.13) lib/action_view/lookup_context.rb:109:in `find'
  actionpack (3.2.13) lib/action_view/renderer/abstract_renderer.rb:3:in `find_template'
  actionpack (3.2.13) lib/action_view/renderer/template_renderer.rb:34:in `determine_template'
  actionpack (3.2.13) lib/action_view/renderer/template_renderer.rb:10:in `render'
  actionpack (3.2.13) lib/action_view/renderer/renderer.rb:36:in `render_template'
  actionpack (3.2.13) lib/action_view/renderer/renderer.rb:17:in `render'
  actionpack (3.2.13) lib/abstract_controller/rendering.rb:110:in `_render_template'
  actionpack (3.2.13) lib/abstract_controller/rendering.rb:103:in `render_to_body'
  actionpack (3.2.13) lib/action_controller/metal/renderers.rb:28:in `render_to_body'
  actionpack (3.2.13) lib/abstract_controller/rendering.rb:88:in `render'
  actionpack (3.2.13) lib/action_controller/metal/rendering.rb:16:in `render'
  actionpack (3.2.13) lib/action_controller/metal/instrumentation.rb:40:in `block (2 levels) in render'
  activesupport (3.2.13) lib/active_support/core_ext/benchmark.rb:5:in `block in ms'
  /Users/ian/.rvm/rubies/ruby-2.0.0-p0/lib/ruby/2.0.0/benchmark.rb:296:in `realtime'
  activesupport (3.2.13) lib/active_support/core_ext/benchmark.rb:5:in `ms'
  actionpack (3.2.13) lib/action_controller/metal/instrumentation.rb:40:in `block in render'
  actionpack (3.2.13) lib/action_controller/metal/instrumentation.rb:83:in `cleanup_view_runtime'
  activerecord (3.2.13) lib/active_record/railties/controller_runtime.rb:24:in `cleanup_view_runtime'
  actionpack (3.2.13) lib/action_controller/metal/instrumentation.rb:39:in `render'
  actionpack (3.2.13) lib/action_controller/metal/implicit_render.rb:10:in `default_render'
  actionpack (3.2.13) lib/action_controller/metal/implicit_render.rb:5:in `send_action'
  actionpack (3.2.13) lib/abstract_controller/base.rb:167:in `process_action'
  actionpack (3.2.13) lib/action_controller/metal/rendering.rb:10:in `process_action'
  actionpack (3.2.13) lib/abstract_controller/callbacks.rb:18:in `block in process_action'
  activesupport (3.2.13) lib/active_support/callbacks.rb:414:in `_run__632062602047498286__process_action__1853654229735066099__callbacks'
  activesupport (3.2.13) lib/active_support/callbacks.rb:405:in `__run_callback'
  activesupport (3.2.13) lib/active_support/callbacks.rb:385:in `_run_process_action_callbacks'
  activesupport (3.2.13) lib/active_support/callbacks.rb:81:in `run_callbacks'
  actionpack (3.2.13) lib/abstract_controller/callbacks.rb:17:in `process_action'
  actionpack (3.2.13) lib/action_controller/metal/rescue.rb:29:in `process_action'
  actionpack (3.2.13) lib/action_controller/metal/instrumentation.rb:30:in `block in process_action'
  activesupport (3.2.13) lib/active_support/notifications.rb:123:in `block in instrument'
  activesupport (3.2.13) lib/active_support/notifications/instrumenter.rb:20:in `instrument'
  activesupport (3.2.13) lib/active_support/notifications.rb:123:in `instrument'
  actionpack (3.2.13) lib/action_controller/metal/instrumentation.rb:29:in `process_action'
  activerecord (3.2.13) lib/active_record/railties/controller_runtime.rb:18:in `process_action'
  actionpack (3.2.13) lib/abstract_controller/base.rb:121:in `process'
  actionpack (3.2.13) lib/abstract_controller/rendering.rb:45:in `process'
  actionpack (3.2.13) lib/action_controller/metal.rb:203:in `dispatch'
  actionpack (3.2.13) lib/action_controller/metal/rack_delegation.rb:14:in `dispatch'
  actionpack (3.2.13) lib/action_controller/metal.rb:246:in `block in action'
  actionpack (3.2.13) lib/action_dispatch/routing/route_set.rb:73:in `call'
  actionpack (3.2.13) lib/action_dispatch/routing/route_set.rb:73:in `dispatch'
  actionpack (3.2.13) lib/action_dispatch/routing/route_set.rb:36:in `call'
  journey (1.0.4) lib/journey/router.rb:68:in `block in call'
  journey (1.0.4) lib/journey/router.rb:56:in `each'
  journey (1.0.4) lib/journey/router.rb:56:in `call'
  actionpack (3.2.13) lib/action_dispatch/routing/route_set.rb:612:in `call'
  rack (1.4.5) lib/rack/etag.rb:23:in `call'
  rack (1.4.5) lib/rack/conditionalget.rb:25:in `call'
  actionpack (3.2.13) lib/action_dispatch/middleware/head.rb:14:in `call'
  actionpack (3.2.13) lib/action_dispatch/middleware/params_parser.rb:21:in `call'
  activerecord (3.2.13) lib/active_record/query_cache.rb:64:in `call'
  activerecord (3.2.13) lib/active_record/connection_adapters/abstract/connection_pool.rb:479:in `call'
  actionpack (3.2.13) lib/action_dispatch/middleware/callbacks.rb:28:in `block in call'
  activesupport (3.2.13) lib/active_support/callbacks.rb:405:in `_run__1246639669907091973__call__3265283472015005396__callbacks'
  activesupport (3.2.13) lib/active_support/callbacks.rb:405:in `__run_callback'
  activesupport (3.2.13) lib/active_support/callbacks.rb:385:in `_run_call_callbacks'
  activesupport (3.2.13) lib/active_support/callbacks.rb:81:in `run_callbacks'
  actionpack (3.2.13) lib/action_dispatch/middleware/callbacks.rb:27:in `call'
  actionpack (3.2.13) lib/action_dispatch/middleware/reloader.rb:65:in `call'
  actionpack (3.2.13) lib/action_dispatch/middleware/remote_ip.rb:31:in `call'
  actionpack (3.2.13) lib/action_dispatch/middleware/debug_exceptions.rb:16:in `call'
  actionpack (3.2.13) lib/action_dispatch/middleware/show_exceptions.rb:56:in `call'
  railties (3.2.13) lib/rails/rack/logger.rb:32:in `call_app'
  railties (3.2.13) lib/rails/rack/logger.rb:16:in `block in call'
  activesupport (3.2.13) lib/active_support/tagged_logging.rb:22:in `tagged'
  railties (3.2.13) lib/rails/rack/logger.rb:16:in `call'
  actionpack (3.2.13) lib/action_dispatch/middleware/request_id.rb:22:in `call'
  rack (1.4.5) lib/rack/runtime.rb:17:in `call'
  activesupport (3.2.13) lib/active_support/cache/strategy/local_cache.rb:72:in `call'
  rack (1.4.5) lib/rack/lock.rb:15:in `call'
  actionpack (3.2.13) lib/action_dispatch/middleware/static.rb:63:in `call'
  railties (3.2.13) lib/rails/engine.rb:479:in `call'
  railties (3.2.13) lib/rails/application.rb:223:in `call'
  rack (1.4.5) lib/rack/content_length.rb:14:in `call'
  railties (3.2.13) lib/rails/rack/log_tailer.rb:17:in `call'
  rack (1.4.5) lib/rack/handler/webrick.rb:59:in `service'
  /Users/ian/.rvm/rubies/ruby-2.0.0-p0/lib/ruby/2.0.0/webrick/httpserver.rb:138:in `service'
  /Users/ian/.rvm/rubies/ruby-2.0.0-p0/lib/ruby/2.0.0/webrick/httpserver.rb:94:in `run'
  /Users/ian/.rvm/rubies/ruby-2.0.0-p0/lib/ruby/2.0.0/webrick/server.rb:295:in `block in start_thread'


  Rendered /Users/ian/.rvm/gems/ruby-2.0.0-p0/gems/actionpack-3.2.13/lib/action_dispatch/middleware/templates/rescues/missing_template.erb within rescues/layout (1.1ms)
Connecting to database specified by database.yml
Connecting to database specified by database.yml
Connecting to database specified by database.yml
Connecting to database specified by database.yml
Connecting to database specified by database.yml
Connecting to database specified by database.yml
Connecting to database specified by database.yml


Started GET "/users/1.json" for 127.0.0.1 at 2013-05-29 15:12:42 -0700
Processing by UsersController#show as JSON
  Parameters: {"id"=>"1"}
  [1m[36mUser Load (0.1ms)[0m  [1mSELECT "users".* FROM "users" WHERE "users"."id" = ? LIMIT 1[0m  [["id", "1"]]
Completed 200 OK in 14ms (Views: 1.6ms | ActiveRecord: 0.0ms)
Connecting to database specified by database.yml
Connecting to database specified by database.yml
Connecting to database specified by database.yml
  [1m[36m (0.1ms)[0m  [1mSELECT "schema_migrations"."version" FROM "schema_migrations" [0m
  [1m[35m (0.0ms)[0m  begin transaction
  [1m[36mAnimal Exists (0.1ms)[0m  [1mSELECT 1 AS one FROM "animals" WHERE "animals"."name" = 'Cow' LIMIT 1[0m
  [1m[35mSQL (0.7ms)[0m  INSERT INTO "animals" ("created_at", "name", "updated_at") VALUES (?, ?, ?)  [["created_at", Wed, 29 May 2013 22:21:48 UTC +00:00], ["name", "Cow"], ["updated_at", Wed, 29 May 2013 22:21:48 UTC +00:00]]
  [1m[36m (6.8ms)[0m  [1mcommit transaction[0m
  [1m[35m (0.1ms)[0m  begin transaction
  [1m[36mAnimal Exists (0.1ms)[0m  [1mSELECT 1 AS one FROM "animals" WHERE "animals"."name" = 'Pig' LIMIT 1[0m
  [1m[35mSQL (0.2ms)[0m  INSERT INTO "animals" ("created_at", "name", "updated_at") VALUES (?, ?, ?)  [["created_at", Wed, 29 May 2013 22:21:48 UTC +00:00], ["name", "Pig"], ["updated_at", Wed, 29 May 2013 22:21:48 UTC +00:00]]
  [1m[36m (0.9ms)[0m  [1mcommit transaction[0m
  [1m[35m (0.0ms)[0m  begin transaction
  [1m[36mSQL (0.4ms)[0m  [1mINSERT INTO "primal_cuts" ("animal_id", "created_at", "name", "updated_at") VALUES (?, ?, ?, ?)[0m  [["animal_id", 1], ["created_at", Wed, 29 May 2013 22:21:48 UTC +00:00], ["name", "Chuck"], ["updated_at", Wed, 29 May 2013 22:21:48 UTC +00:00]]
  [1m[35m (0.6ms)[0m  commit transaction
  [1m[36m (0.0ms)[0m  [1mbegin transaction[0m
  [1m[35mSQL (0.3ms)[0m  INSERT INTO "primal_cuts" ("animal_id", "created_at", "name", "updated_at") VALUES (?, ?, ?, ?)  [["animal_id", 1], ["created_at", Wed, 29 May 2013 22:21:48 UTC +00:00], ["name", "Short Loin"], ["updated_at", Wed, 29 May 2013 22:21:48 UTC +00:00]]
  [1m[36m (0.5ms)[0m  [1mcommit transaction[0m
  [1m[35m (0.0ms)[0m  begin transaction
  [1m[36mSQL (0.2ms)[0m  [1mINSERT INTO "primal_cuts" ("animal_id", "created_at", "name", "updated_at") VALUES (?, ?, ?, ?)[0m  [["animal_id", 1], ["created_at", Wed, 29 May 2013 22:21:48 UTC +00:00], ["name", "Rib"], ["updated_at", Wed, 29 May 2013 22:21:48 UTC +00:00]]
  [1m[35m (0.5ms)[0m  commit transaction
Connecting to database specified by database.yml
  [1m[36m (0.1ms)[0m  [1mSELECT "schema_migrations"."version" FROM "schema_migrations" [0m
  [1m[35m (0.1ms)[0m  begin transaction
  [1m[36mAnimal Exists (0.1ms)[0m  [1mSELECT 1 AS one FROM "animals" WHERE "animals"."name" = 'Cow' LIMIT 1[0m
  [1m[35m (0.1ms)[0m  rollback transaction
  [1m[36m (0.0ms)[0m  [1mbegin transaction[0m
  [1m[35mAnimal Exists (0.1ms)[0m  SELECT 1 AS one FROM "animals" WHERE "animals"."name" = 'Pig' LIMIT 1
  [1m[36m (0.0ms)[0m  [1mrollback transaction[0m
Connecting to database specified by database.yml
Connecting to database specified by database.yml
  [1m[36m (0.0ms)[0m  [1mselect sqlite_version(*)[0m
  [1m[35m (1.0ms)[0m  CREATE TABLE "schema_migrations" ("version" varchar(255) NOT NULL) 
  [1m[36m (0.5ms)[0m  [1mCREATE UNIQUE INDEX "unique_schema_migrations" ON "schema_migrations" ("version")[0m
  [1m[35m (0.1ms)[0m  SELECT "schema_migrations"."version" FROM "schema_migrations" 
Migrating to CreateUsers (20130529212328)
  [1m[36m (0.0ms)[0m  [1mbegin transaction[0m
  [1m[35m (0.3ms)[0m  CREATE TABLE "users" ("id" INTEGER PRIMARY KEY AUTOINCREMENT NOT NULL, "first_name" varchar(255), "last_name" varchar(255), "email" varchar(255), "created_at" datetime NOT NULL, "updated_at" datetime NOT NULL) 
  [1m[36m (0.1ms)[0m  [1mINSERT INTO "schema_migrations" ("version") VALUES ('20130529212328')[0m
  [1m[35m (0.7ms)[0m  commit transaction
Migrating to CreateAnimals (20130529212340)
  [1m[36m (0.0ms)[0m  [1mbegin transaction[0m
  [1m[35m (0.2ms)[0m  CREATE TABLE "animals" ("id" INTEGER PRIMARY KEY AUTOINCREMENT NOT NULL, "name" varchar(255), "created_at" datetime NOT NULL, "updated_at" datetime NOT NULL) 
  [1m[36m (0.0ms)[0m  [1mINSERT INTO "schema_migrations" ("version") VALUES ('20130529212340')[0m
  [1m[35m (0.6ms)[0m  commit transaction
Migrating to CreatePrimalCuts (20130529212354)
  [1m[36m (0.0ms)[0m  [1mbegin transaction[0m
  [1m[35m (0.2ms)[0m  CREATE TABLE "primal_cuts" ("id" INTEGER PRIMARY KEY AUTOINCREMENT NOT NULL, "name" varchar(255), "animal_id" integer, "created_at" datetime NOT NULL, "updated_at" datetime NOT NULL) 
  [1m[36m (0.1ms)[0m  [1mCREATE INDEX "index_primal_cuts_on_animal_id" ON "primal_cuts" ("animal_id")[0m
  [1m[35m (0.0ms)[0m  INSERT INTO "schema_migrations" ("version") VALUES ('20130529212354')
  [1m[36m (0.7ms)[0m  [1mcommit transaction[0m
Migrating to CreateCuts (20130529212423)
  [1m[35m (0.0ms)[0m  begin transaction
  [1m[36m (0.2ms)[0m  [1mCREATE TABLE "cuts" ("id" INTEGER PRIMARY KEY AUTOINCREMENT NOT NULL, "name" varchar(255), "primal_cut_id" integer, "animal_id" integer, "created_at" datetime NOT NULL, "updated_at" datetime NOT NULL) [0m
  [1m[35m (0.1ms)[0m  CREATE INDEX "index_cuts_on_primal_cut_id" ON "cuts" ("primal_cut_id")
  [1m[36m (0.1ms)[0m  [1mCREATE INDEX "index_cuts_on_animal_id" ON "cuts" ("animal_id")[0m
  [1m[35m (0.1ms)[0m  INSERT INTO "schema_migrations" ("version") VALUES ('20130529212423')
  [1m[36m (0.7ms)[0m  [1mcommit transaction[0m
  [1m[35m (0.1ms)[0m  SELECT "schema_migrations"."version" FROM "schema_migrations" 
Connecting to database specified by database.yml
  [1m[36m (0.1ms)[0m  [1mSELECT "schema_migrations"."version" FROM "schema_migrations" [0m
  [1m[35m (0.0ms)[0m  begin transaction
  [1m[36mAnimal Exists (0.1ms)[0m  [1mSELECT 1 AS one FROM "animals" WHERE "animals"."name" = 'Cow' LIMIT 1[0m
  [1m[35mSQL (0.8ms)[0m  INSERT INTO "animals" ("created_at", "name", "updated_at") VALUES (?, ?, ?)  [["created_at", Wed, 29 May 2013 22:22:57 UTC +00:00], ["name", "Cow"], ["updated_at", Wed, 29 May 2013 22:22:57 UTC +00:00]]
  [1m[36m (7.1ms)[0m  [1mcommit transaction[0m
  [1m[35m (0.1ms)[0m  begin transaction
  [1m[36mAnimal Exists (0.1ms)[0m  [1mSELECT 1 AS one FROM "animals" WHERE "animals"."name" = 'Pig' LIMIT 1[0m
  [1m[35mSQL (0.3ms)[0m  INSERT INTO "animals" ("created_at", "name", "updated_at") VALUES (?, ?, ?)  [["created_at", Wed, 29 May 2013 22:22:57 UTC +00:00], ["name", "Pig"], ["updated_at", Wed, 29 May 2013 22:22:57 UTC +00:00]]
  [1m[36m (0.9ms)[0m  [1mcommit transaction[0m
  [1m[35m (0.1ms)[0m  begin transaction
  [1m[36mSQL (0.4ms)[0m  [1mINSERT INTO "primal_cuts" ("animal_id", "created_at", "name", "updated_at") VALUES (?, ?, ?, ?)[0m  [["animal_id", 1], ["created_at", Wed, 29 May 2013 22:22:57 UTC +00:00], ["name", "Chuck"], ["updated_at", Wed, 29 May 2013 22:22:57 UTC +00:00]]
  [1m[35m (0.6ms)[0m  commit transaction
  [1m[36m (0.0ms)[0m  [1mbegin transaction[0m
  [1m[35mSQL (0.3ms)[0m  INSERT INTO "primal_cuts" ("animal_id", "created_at", "name", "updated_at") VALUES (?, ?, ?, ?)  [["animal_id", 1], ["created_at", Wed, 29 May 2013 22:22:57 UTC +00:00], ["name", "Short Loin"], ["updated_at", Wed, 29 May 2013 22:22:57 UTC +00:00]]
  [1m[36m (0.5ms)[0m  [1mcommit transaction[0m
  [1m[35m (0.0ms)[0m  begin transaction
  [1m[36mSQL (0.3ms)[0m  [1mINSERT INTO "primal_cuts" ("animal_id", "created_at", "name", "updated_at") VALUES (?, ?, ?, ?)[0m  [["animal_id", 1], ["created_at", Wed, 29 May 2013 22:22:57 UTC +00:00], ["name", "Rib"], ["updated_at", Wed, 29 May 2013 22:22:57 UTC +00:00]]
  [1m[35m (0.5ms)[0m  commit transaction
  [1m[36m (0.0ms)[0m  [1mbegin transaction[0m
  [1m[35mSQL (0.4ms)[0m  INSERT INTO "cuts" ("animal_id", "created_at", "name", "primal_cut_id", "updated_at") VALUES (?, ?, ?, ?, ?)  [["animal_id", nil], ["created_at", Wed, 29 May 2013 22:22:57 UTC +00:00], ["name", "Prime Rib"], ["primal_cut_id", 3], ["updated_at", Wed, 29 May 2013 22:22:57 UTC +00:00]]
  [1m[36m (0.5ms)[0m  [1mcommit transaction[0m
  [1m[35m (0.0ms)[0m  begin transaction
  [1m[36mSQL (0.3ms)[0m  [1mINSERT INTO "cuts" ("animal_id", "created_at", "name", "primal_cut_id", "updated_at") VALUES (?, ?, ?, ?, ?)[0m  [["animal_id", nil], ["created_at", Wed, 29 May 2013 22:22:57 UTC +00:00], ["name", "Ribeye"], ["primal_cut_id", 3], ["updated_at", Wed, 29 May 2013 22:22:57 UTC +00:00]]
  [1m[35m (0.5ms)[0m  commit transaction
  [1m[36m (0.0ms)[0m  [1mbegin transaction[0m
  [1m[35mSQL (0.3ms)[0m  INSERT INTO "cuts" ("animal_id", "created_at", "name", "primal_cut_id", "updated_at") VALUES (?, ?, ?, ?, ?)  [["animal_id", 1], ["created_at", Wed, 29 May 2013 22:22:57 UTC +00:00], ["name", "T-bone"], ["primal_cut_id", nil], ["updated_at", Wed, 29 May 2013 22:22:57 UTC +00:00]]
  [1m[36m (0.5ms)[0m  [1mcommit transaction[0m
  [1m[35m (0.0ms)[0m  begin transaction
  [1m[36mSQL (0.2ms)[0m  [1mINSERT INTO "cuts" ("animal_id", "created_at", "name", "primal_cut_id", "updated_at") VALUES (?, ?, ?, ?, ?)[0m  [["animal_id", 1], ["created_at", Wed, 29 May 2013 22:22:57 UTC +00:00], ["name", "Porterhouse"], ["primal_cut_id", nil], ["updated_at", Wed, 29 May 2013 22:22:57 UTC +00:00]]
  [1m[35m (0.5ms)[0m  commit transaction
  [1m[36m (0.0ms)[0m  [1mbegin transaction[0m
  [1m[35mSQL (0.2ms)[0m  INSERT INTO "cuts" ("animal_id", "created_at", "name", "primal_cut_id", "updated_at") VALUES (?, ?, ?, ?, ?)  [["animal_id", 1], ["created_at", Wed, 29 May 2013 22:22:57 UTC +00:00], ["name", "Strip"], ["primal_cut_id", nil], ["updated_at", Wed, 29 May 2013 22:22:57 UTC +00:00]]
  [1m[36m (0.5ms)[0m  [1mcommit transaction[0m


Started GET "/users/1.json" for 127.0.0.1 at 2013-05-29 15:23:00 -0700
Processing by UsersController#show as JSON
  Parameters: {"id"=>"1"}
  [1m[35mUser Load (0.1ms)[0m  SELECT "users".* FROM "users" WHERE "users"."id" = ? LIMIT 1  [["id", "1"]]
Filter chain halted as :find_user rendered or redirected
Completed 404 Not Found in 3ms (ActiveRecord: 0.5ms)


Started GET "/animals.json" for 127.0.0.1 at 2013-05-29 15:23:04 -0700
Processing by AnimalsController#index as JSON
  [1m[36mAnimal Load (0.1ms)[0m  [1mSELECT "animals".* FROM "animals" [0m
Completed 200 OK in 12ms (Views: 1.8ms | ActiveRecord: 0.0ms)


Started GET "/animals.json" for 127.0.0.1 at 2013-05-29 15:23:31 -0700
Processing by AnimalsController#index as JSON
  [1m[35mAnimal Load (0.1ms)[0m  SELECT "animals".* FROM "animals" 
Completed 200 OK in 2ms (Views: 1.1ms | ActiveRecord: 0.0ms)


Started GET "/animals/1.json" for 127.0.0.1 at 2013-05-29 15:23:45 -0700
Processing by AnimalsController#show as JSON
  Parameters: {"id"=>"1"}
  [1m[36mAnimal Load (0.2ms)[0m  [1mSELECT "animals".* FROM "animals" WHERE "animals"."id" = ? LIMIT 1[0m  [["id", "1"]]
Completed 200 OK in 3ms (Views: 1.1ms | ActiveRecord: 0.0ms)


Started GET "/animals.json" for 127.0.0.1 at 2013-05-29 15:23:55 -0700
Processing by AnimalsController#index as JSON
  [1m[35mAnimal Load (0.2ms)[0m  SELECT "animals".* FROM "animals" 
Completed 200 OK in 2ms (Views: 1.2ms | ActiveRecord: 0.0ms)
Connecting to database specified by database.yml


Started GET "/animals.json" for 127.0.0.1 at 2013-05-29 15:24:21 -0700
Processing by AnimalsController#index as JSON
  [1m[36mAnimal Load (0.1ms)[0m  [1mSELECT "animals".* FROM "animals" [0m
Completed 200 OK in 10ms (Views: 1.2ms | ActiveRecord: 0.0ms)


Started GET "/animals.json" for 127.0.0.1 at 2013-05-29 15:24:50 -0700
Processing by AnimalsController#index as JSON
  [1m[35mAnimal Load (0.1ms)[0m  SELECT "animals".* FROM "animals" 
Completed 200 OK in 11ms (Views: 1.6ms | ActiveRecord: 0.0ms)


Started GET "/animals/1.json" for 127.0.0.1 at 2013-05-29 15:24:57 -0700
Processing by AnimalsController#show as JSON
  Parameters: {"id"=>"1"}
  [1m[36mAnimal Load (0.2ms)[0m  [1mSELECT "animals".* FROM "animals" WHERE "animals"."id" = ? LIMIT 1[0m  [["id", "1"]]
Completed 200 OK in 3ms (Views: 0.7ms | ActiveRecord: 0.0ms)


Started GET "/animals/1/primal_cuts.json" for 127.0.0.1 at 2013-05-29 15:25:08 -0700
Processing by PrimalCutsController#index as JSON
  Parameters: {"animal_id"=>"1"}
  [1m[35mAnimal Load (0.1ms)[0m  SELECT "animals".* FROM "animals" WHERE "animals"."id" = ? LIMIT 1  [["id", "1"]]
  [1m[36mPrimalCut Load (0.1ms)[0m  [1mSELECT "primal_cuts".* FROM "primal_cuts" WHERE "primal_cuts"."animal_id" = 1[0m
Completed 200 OK in 21ms (Views: 1.7ms | ActiveRecord: 0.0ms)
Connecting to database specified by database.yml


Started GET "/animals/1/primal_cuts.json" for 127.0.0.1 at 2013-05-29 15:25:37 -0700
Processing by PrimalCutsController#index as JSON
  Parameters: {"animal_id"=>"1"}
  [1m[35mAnimal Load (0.1ms)[0m  SELECT "animals".* FROM "animals" WHERE "animals"."id" = ? LIMIT 1  [["id", "1"]]
  [1m[36mPrimalCut Load (0.1ms)[0m  [1mSELECT "primal_cuts".* FROM "primal_cuts" WHERE "primal_cuts"."animal_id" = 1[0m
Completed 200 OK in 19ms (Views: 1.4ms | ActiveRecord: 0.0ms)


Started GET "/animals/1/primal_cuts.json" for 127.0.0.1 at 2013-05-29 15:26:02 -0700
Processing by PrimalCutsController#index as JSON
  Parameters: {"animal_id"=>"1"}
  [1m[35mAnimal Load (0.1ms)[0m  SELECT "animals".* FROM "animals" WHERE "animals"."id" = ? LIMIT 1  [["id", "1"]]
  [1m[36mPrimalCut Load (0.1ms)[0m  [1mSELECT "primal_cuts".* FROM "primal_cuts" WHERE "primal_cuts"."animal_id" = 1[0m
  [1m[35mAnimal Load (0.1ms)[0m  SELECT "animals".* FROM "animals" WHERE "animals"."id" = 1 LIMIT 1
  [1m[36mCACHE (0.0ms)[0m  [1mSELECT "animals".* FROM "animals" WHERE "animals"."id" = 1 LIMIT 1[0m
  [1m[35mCACHE (0.0ms)[0m  SELECT "animals".* FROM "animals" WHERE "animals"."id" = 1 LIMIT 1
Completed 200 OK in 51ms (Views: 12.8ms | ActiveRecord: 0.1ms)


Started GET "/animals/1/primal_cuts.json" for 127.0.0.1 at 2013-05-29 15:26:11 -0700
Processing by PrimalCutsController#index as JSON
  Parameters: {"animal_id"=>"1"}
  [1m[36mAnimal Load (0.1ms)[0m  [1mSELECT "animals".* FROM "animals" WHERE "animals"."id" = ? LIMIT 1[0m  [["id", "1"]]
  [1m[35mPrimalCut Load (0.1ms)[0m  SELECT "primal_cuts".* FROM "primal_cuts" WHERE "primal_cuts"."animal_id" = 1
  [1m[36mAnimal Load (0.1ms)[0m  [1mSELECT "animals".* FROM "animals" WHERE "animals"."id" = 1 LIMIT 1[0m
  [1m[35mAnimal Load (0.1ms)[0m  SELECT "animals".* FROM "animals" WHERE "animals"."id" = 1 LIMIT 1
  [1m[36mAnimal Load (0.1ms)[0m  [1mSELECT "animals".* FROM "animals" WHERE "animals"."id" = 1 LIMIT 1[0m
Completed 200 OK in 21ms (Views: 4.2ms | ActiveRecord: 0.2ms)


Started GET "/animals/1/primal_cuts.json" for 127.0.0.1 at 2013-05-29 15:26:21 -0700
Processing by PrimalCutsController#index as JSON
  Parameters: {"animal_id"=>"1"}
  [1m[35mAnimal Load (0.1ms)[0m  SELECT "animals".* FROM "animals" WHERE "animals"."id" = ? LIMIT 1  [["id", "1"]]
  [1m[36mPrimalCut Load (0.1ms)[0m  [1mSELECT "primal_cuts".* FROM "primal_cuts" WHERE "primal_cuts"."animal_id" = 1[0m
  [1m[35mAnimal Load (0.1ms)[0m  SELECT "animals".* FROM "animals" WHERE "animals"."id" = 1 LIMIT 1
  [1m[36mCACHE (0.0ms)[0m  [1mSELECT "animals".* FROM "animals" WHERE "animals"."id" = 1 LIMIT 1[0m
  [1m[35mCACHE (0.0ms)[0m  SELECT "animals".* FROM "animals" WHERE "animals"."id" = 1 LIMIT 1
Completed 200 OK in 22ms (Views: 4.3ms | ActiveRecord: 0.1ms)


Started GET "/animals/1/primal_cuts.json" for 127.0.0.1 at 2013-05-29 15:26:22 -0700
Processing by PrimalCutsController#index as JSON
  Parameters: {"animal_id"=>"1"}
  [1m[36mAnimal Load (0.1ms)[0m  [1mSELECT "animals".* FROM "animals" WHERE "animals"."id" = ? LIMIT 1[0m  [["id", "1"]]
  [1m[35mPrimalCut Load (0.1ms)[0m  SELECT "primal_cuts".* FROM "primal_cuts" WHERE "primal_cuts"."animal_id" = 1
  [1m[36mAnimal Load (0.1ms)[0m  [1mSELECT "animals".* FROM "animals" WHERE "animals"."id" = 1 LIMIT 1[0m
  [1m[35mCACHE (0.0ms)[0m  SELECT "animals".* FROM "animals" WHERE "animals"."id" = 1 LIMIT 1
  [1m[36mCACHE (0.0ms)[0m  [1mSELECT "animals".* FROM "animals" WHERE "animals"."id" = 1 LIMIT 1[0m
Completed 200 OK in 4ms (Views: 2.3ms | ActiveRecord: 0.1ms)


Started GET "/animals/1/primal_cuts.json" for 127.0.0.1 at 2013-05-29 15:26:33 -0700
Processing by PrimalCutsController#index as JSON
  Parameters: {"animal_id"=>"1"}
  [1m[35mAnimal Load (0.1ms)[0m  SELECT "animals".* FROM "animals" WHERE "animals"."id" = ? LIMIT 1  [["id", "1"]]
  [1m[36mPrimalCut Load (0.1ms)[0m  [1mSELECT "primal_cuts".* FROM "primal_cuts" WHERE "primal_cuts"."animal_id" = 1[0m
  [1m[35mAnimal Load (0.1ms)[0m  SELECT "animals".* FROM "animals" WHERE "animals"."id" = 1 LIMIT 1
  [1m[36mCACHE (0.0ms)[0m  [1mSELECT "animals".* FROM "animals" WHERE "animals"."id" = 1 LIMIT 1[0m
  [1m[35mCACHE (0.0ms)[0m  SELECT "animals".* FROM "animals" WHERE "animals"."id" = 1 LIMIT 1
Completed 200 OK in 46ms (Views: 4.4ms | ActiveRecord: 0.1ms)


Started GET "/animals/1.json" for 127.0.0.1 at 2013-05-29 15:26:35 -0700
Processing by AnimalsController#show as JSON
  Parameters: {"id"=>"1"}
  [1m[36mAnimal Load (0.1ms)[0m  [1mSELECT "animals".* FROM "animals" WHERE "animals"."id" = ? LIMIT 1[0m  [["id", "1"]]
Completed 200 OK in 3ms (Views: 1.6ms | ActiveRecord: 0.0ms)


Started GET "/animals/1/primal_cuts.json" for 127.0.0.1 at 2013-05-29 15:26:37 -0700
Processing by PrimalCutsController#index as JSON
  Parameters: {"animal_id"=>"1"}
  [1m[35mAnimal Load (0.1ms)[0m  SELECT "animals".* FROM "animals" WHERE "animals"."id" = ? LIMIT 1  [["id", "1"]]
  [1m[36mPrimalCut Load (0.1ms)[0m  [1mSELECT "primal_cuts".* FROM "primal_cuts" WHERE "primal_cuts"."animal_id" = 1[0m
  [1m[35mAnimal Load (0.1ms)[0m  SELECT "animals".* FROM "animals" WHERE "animals"."id" = 1 LIMIT 1
  [1m[36mCACHE (0.0ms)[0m  [1mSELECT "animals".* FROM "animals" WHERE "animals"."id" = 1 LIMIT 1[0m
  [1m[35mCACHE (0.0ms)[0m  SELECT "animals".* FROM "animals" WHERE "animals"."id" = 1 LIMIT 1
Completed 200 OK in 4ms (Views: 2.4ms | ActiveRecord: 0.1ms)


Started GET "/animals/1/primal_cuts.json" for 127.0.0.1 at 2013-05-29 15:26:38 -0700
Processing by PrimalCutsController#index as JSON
  Parameters: {"animal_id"=>"1"}
  [1m[36mAnimal Load (0.1ms)[0m  [1mSELECT "animals".* FROM "animals" WHERE "animals"."id" = ? LIMIT 1[0m  [["id", "1"]]
  [1m[35mPrimalCut Load (0.1ms)[0m  SELECT "primal_cuts".* FROM "primal_cuts" WHERE "primal_cuts"."animal_id" = 1
  [1m[36mAnimal Load (0.1ms)[0m  [1mSELECT "animals".* FROM "animals" WHERE "animals"."id" = 1 LIMIT 1[0m
  [1m[35mCACHE (0.0ms)[0m  SELECT "animals".* FROM "animals" WHERE "animals"."id" = 1 LIMIT 1
  [1m[36mCACHE (0.0ms)[0m  [1mSELECT "animals".* FROM "animals" WHERE "animals"."id" = 1 LIMIT 1[0m
Completed 200 OK in 5ms (Views: 2.3ms | ActiveRecord: 0.1ms)


Started GET "/animals/1/primal_cuts.json" for 127.0.0.1 at 2013-05-29 15:28:02 -0700
Processing by PrimalCutsController#index as JSON
  Parameters: {"animal_id"=>"1"}
  [1m[35mAnimal Load (0.1ms)[0m  SELECT "animals".* FROM "animals" WHERE "animals"."id" = ? LIMIT 1  [["id", "1"]]
  [1m[36mPrimalCut Load (0.1ms)[0m  [1mSELECT "primal_cuts".* FROM "primal_cuts" WHERE "primal_cuts"."animal_id" = 1[0m
Completed 500 Internal Server Error in 20ms

NoMethodError (undefined method `belongs_to' for PrimalCutSerializer:Class):
  app/serializers/primal_cut_serializer.rb:4:in `<class:PrimalCutSerializer>'
  app/serializers/primal_cut_serializer.rb:1:in `<top (required)>'
  app/controllers/primal_cuts_controller.rb:9:in `index'


  Rendered /Users/ian/.rvm/gems/ruby-2.0.0-p0/gems/actionpack-3.2.13/lib/action_dispatch/middleware/templates/rescues/_trace.erb (1.0ms)
  Rendered /Users/ian/.rvm/gems/ruby-2.0.0-p0/gems/actionpack-3.2.13/lib/action_dispatch/middleware/templates/rescues/_request_and_response.erb (0.8ms)
  Rendered /Users/ian/.rvm/gems/ruby-2.0.0-p0/gems/actionpack-3.2.13/lib/action_dispatch/middleware/templates/rescues/diagnostics.erb within rescues/layout (7.5ms)


Started GET "/animals/1/primal_cuts.json" for 127.0.0.1 at 2013-05-29 15:28:27 -0700
Processing by PrimalCutsController#index as JSON
  Parameters: {"animal_id"=>"1"}
  [1m[35mAnimal Load (0.1ms)[0m  SELECT "animals".* FROM "animals" WHERE "animals"."id" = ? LIMIT 1  [["id", "1"]]
  [1m[36mPrimalCut Load (0.1ms)[0m  [1mSELECT "primal_cuts".* FROM "primal_cuts" WHERE "primal_cuts"."animal_id" = 1[0m
Completed 200 OK in 42ms (Views: 1.7ms | ActiveRecord: 0.0ms)


Started GET "/animals/1/primal_cuts.json" for 127.0.0.1 at 2013-05-29 15:28:28 -0700
Processing by PrimalCutsController#index as JSON
  Parameters: {"animal_id"=>"1"}
  [1m[35mAnimal Load (0.1ms)[0m  SELECT "animals".* FROM "animals" WHERE "animals"."id" = ? LIMIT 1  [["id", "1"]]
  [1m[36mPrimalCut Load (0.1ms)[0m  [1mSELECT "primal_cuts".* FROM "primal_cuts" WHERE "primal_cuts"."animal_id" = 1[0m
Completed 200 OK in 3ms (Views: 0.9ms | ActiveRecord: 0.0ms)


Started GET "/animals/1/primal_cuts.json" for 127.0.0.1 at 2013-05-29 15:28:41 -0700
Processing by PrimalCutsController#index as JSON
  Parameters: {"animal_id"=>"1"}
  [1m[35mAnimal Load (0.1ms)[0m  SELECT "animals".* FROM "animals" WHERE "animals"."id" = ? LIMIT 1  [["id", "1"]]
  [1m[36mPrimalCut Load (0.1ms)[0m  [1mSELECT "primal_cuts".* FROM "primal_cuts" WHERE "primal_cuts"."animal_id" = 1[0m
  [1m[35mCut Load (0.1ms)[0m  SELECT "cuts".* FROM "cuts" WHERE "cuts"."primal_cut_id" = 1
  [1m[36mCut Load (0.1ms)[0m  [1mSELECT "cuts".* FROM "cuts" WHERE "cuts"."primal_cut_id" = 2[0m
  [1m[35mCut Load (0.1ms)[0m  SELECT "cuts".* FROM "cuts" WHERE "cuts"."primal_cut_id" = 3
Completed 200 OK in 28ms (Views: 11.1ms | ActiveRecord: 0.5ms)


Started GET "/animals/1/primal_cuts.json" for 127.0.0.1 at 2013-05-29 15:30:04 -0700
Processing by PrimalCutsController#index as JSON
  Parameters: {"animal_id"=>"1"}
  [1m[36mAnimal Load (0.1ms)[0m  [1mSELECT "animals".* FROM "animals" WHERE "animals"."id" = ? LIMIT 1[0m  [["id", "1"]]
  [1m[35mPrimalCut Load (0.1ms)[0m  SELECT "primal_cuts".* FROM "primal_cuts" WHERE "primal_cuts"."animal_id" = 1
Completed 200 OK in 19ms (Views: 1.8ms | ActiveRecord: 0.0ms)


Started GET "/primal_cuts/3.json" for 127.0.0.1 at 2013-05-29 15:30:16 -0700
Processing by PrimalCutsController#show as JSON
  Parameters: {"id"=>"3"}
  [1m[36mPrimalCut Load (0.2ms)[0m  [1mSELECT "primal_cuts".* FROM "primal_cuts" WHERE "primal_cuts"."id" = ? LIMIT 1[0m  [["id", "3"]]
Completed 200 OK in 1ms (Views: 0.1ms | ActiveRecord: 0.0ms)


Started GET "/primal_cuts/1.json" for 127.0.0.1 at 2013-05-29 15:30:22 -0700
Processing by PrimalCutsController#show as JSON
  Parameters: {"id"=>"1"}
  [1m[35mPrimalCut Load (0.1ms)[0m  SELECT "primal_cuts".* FROM "primal_cuts" WHERE "primal_cuts"."id" = ? LIMIT 1  [["id", "1"]]
Completed 200 OK in 1ms (Views: 0.1ms | ActiveRecord: 0.0ms)


Started GET "/primal_cuts/3.json" for 127.0.0.1 at 2013-05-29 15:30:47 -0700
Processing by PrimalCutsController#show as JSON
  Parameters: {"id"=>"3"}
  [1m[36mPrimalCut Load (0.1ms)[0m  [1mSELECT "primal_cuts".* FROM "primal_cuts" WHERE "primal_cuts"."id" = ? LIMIT 1[0m  [["id", "3"]]
Completed 200 OK in 10ms (Views: 1.7ms | ActiveRecord: 0.0ms)


Started GET "/animals/1/cuts.json" for 127.0.0.1 at 2013-05-29 15:31:12 -0700

ActionController::RoutingError (uninitialized constant CutsController):
  activesupport (3.2.13) lib/active_support/inflector/methods.rb:230:in `block in constantize'
  activesupport (3.2.13) lib/active_support/inflector/methods.rb:229:in `each'
  activesupport (3.2.13) lib/active_support/inflector/methods.rb:229:in `constantize'
  actionpack (3.2.13) lib/action_dispatch/routing/route_set.rb:69:in `controller_reference'
  actionpack (3.2.13) lib/action_dispatch/routing/route_set.rb:54:in `controller'
  actionpack (3.2.13) lib/action_dispatch/routing/route_set.rb:32:in `call'
  journey (1.0.4) lib/journey/router.rb:68:in `block in call'
  journey (1.0.4) lib/journey/router.rb:56:in `each'
  journey (1.0.4) lib/journey/router.rb:56:in `call'
  actionpack (3.2.13) lib/action_dispatch/routing/route_set.rb:612:in `call'
  rack (1.4.5) lib/rack/etag.rb:23:in `call'
  rack (1.4.5) lib/rack/conditionalget.rb:25:in `call'
  actionpack (3.2.13) lib/action_dispatch/middleware/head.rb:14:in `call'
  actionpack (3.2.13) lib/action_dispatch/middleware/params_parser.rb:21:in `call'
  activerecord (3.2.13) lib/active_record/query_cache.rb:64:in `call'
  activerecord (3.2.13) lib/active_record/connection_adapters/abstract/connection_pool.rb:479:in `call'
  actionpack (3.2.13) lib/action_dispatch/middleware/callbacks.rb:28:in `block in call'
  activesupport (3.2.13) lib/active_support/callbacks.rb:405:in `_run__2253324776595945382__call__2854588366751862037__callbacks'
  activesupport (3.2.13) lib/active_support/callbacks.rb:405:in `__run_callback'
  activesupport (3.2.13) lib/active_support/callbacks.rb:385:in `_run_call_callbacks'
  activesupport (3.2.13) lib/active_support/callbacks.rb:81:in `run_callbacks'
  actionpack (3.2.13) lib/action_dispatch/middleware/callbacks.rb:27:in `call'
  actionpack (3.2.13) lib/action_dispatch/middleware/reloader.rb:65:in `call'
  actionpack (3.2.13) lib/action_dispatch/middleware/remote_ip.rb:31:in `call'
  actionpack (3.2.13) lib/action_dispatch/middleware/debug_exceptions.rb:16:in `call'
  actionpack (3.2.13) lib/action_dispatch/middleware/show_exceptions.rb:56:in `call'
  railties (3.2.13) lib/rails/rack/logger.rb:32:in `call_app'
  railties (3.2.13) lib/rails/rack/logger.rb:16:in `block in call'
  activesupport (3.2.13) lib/active_support/tagged_logging.rb:22:in `tagged'
  railties (3.2.13) lib/rails/rack/logger.rb:16:in `call'
  actionpack (3.2.13) lib/action_dispatch/middleware/request_id.rb:22:in `call'
  rack (1.4.5) lib/rack/runtime.rb:17:in `call'
  activesupport (3.2.13) lib/active_support/cache/strategy/local_cache.rb:72:in `call'
  rack (1.4.5) lib/rack/lock.rb:15:in `call'
  actionpack (3.2.13) lib/action_dispatch/middleware/static.rb:63:in `call'
  railties (3.2.13) lib/rails/engine.rb:479:in `call'
  railties (3.2.13) lib/rails/application.rb:223:in `call'
  rack (1.4.5) lib/rack/content_length.rb:14:in `call'
  railties (3.2.13) lib/rails/rack/log_tailer.rb:17:in `call'
  rack (1.4.5) lib/rack/handler/webrick.rb:59:in `service'
  /Users/ian/.rvm/rubies/ruby-2.0.0-p0/lib/ruby/2.0.0/webrick/httpserver.rb:138:in `service'
  /Users/ian/.rvm/rubies/ruby-2.0.0-p0/lib/ruby/2.0.0/webrick/httpserver.rb:94:in `run'
  /Users/ian/.rvm/rubies/ruby-2.0.0-p0/lib/ruby/2.0.0/webrick/server.rb:295:in `block in start_thread'


  Rendered /Users/ian/.rvm/gems/ruby-2.0.0-p0/gems/actionpack-3.2.13/lib/action_dispatch/middleware/templates/rescues/routing_error.erb within rescues/layout (0.6ms)
Connecting to database specified by database.yml


Started GET "/animals/1/cuts.json" for 127.0.0.1 at 2013-05-29 15:57:50 -0700
Processing by CutsController#index as JSON
  Parameters: {"animal_id"=>"1"}
  [1m[35mAnimal Load (0.1ms)[0m  SELECT "animals".* FROM "animals" WHERE "animals"."id" = ? LIMIT 1  [["id", "1"]]
  [1m[36mCut Load (0.1ms)[0m  [1mSELECT "cuts".* FROM "cuts" WHERE "cuts"."animal_id" = 1[0m
Completed 200 OK in 18ms (Views: 1.6ms | ActiveRecord: 0.0ms)
Connecting to database specified by database.yml


Started GET "/animals/1/cuts.json" for 127.0.0.1 at 2013-05-29 15:58:14 -0700
Processing by CutsController#index as JSON
  Parameters: {"animal_id"=>"1"}
  [1m[35mAnimal Load (0.1ms)[0m  SELECT "animals".* FROM "animals" WHERE "animals"."id" = ? LIMIT 1  [["id", "1"]]
  [1m[36mCut Load (0.1ms)[0m  [1mSELECT "cuts".* FROM "cuts" WHERE "cuts"."animal_id" = 1[0m
Completed 200 OK in 18ms (Views: 1.4ms | ActiveRecord: 0.0ms)


Started GET "/primal_cut/1/cuts.json" for 127.0.0.1 at 2013-05-29 15:58:22 -0700

ActionController::RoutingError (No route matches [GET] "/primal_cut/1/cuts.json"):
  actionpack (3.2.13) lib/action_dispatch/middleware/debug_exceptions.rb:21:in `call'
  actionpack (3.2.13) lib/action_dispatch/middleware/show_exceptions.rb:56:in `call'
  railties (3.2.13) lib/rails/rack/logger.rb:32:in `call_app'
  railties (3.2.13) lib/rails/rack/logger.rb:16:in `block in call'
  activesupport (3.2.13) lib/active_support/tagged_logging.rb:22:in `tagged'
  railties (3.2.13) lib/rails/rack/logger.rb:16:in `call'
  actionpack (3.2.13) lib/action_dispatch/middleware/request_id.rb:22:in `call'
  rack (1.4.5) lib/rack/runtime.rb:17:in `call'
  activesupport (3.2.13) lib/active_support/cache/strategy/local_cache.rb:72:in `call'
  rack (1.4.5) lib/rack/lock.rb:15:in `call'
  actionpack (3.2.13) lib/action_dispatch/middleware/static.rb:63:in `call'
  railties (3.2.13) lib/rails/engine.rb:479:in `call'
  railties (3.2.13) lib/rails/application.rb:223:in `call'
  rack (1.4.5) lib/rack/content_length.rb:14:in `call'
  railties (3.2.13) lib/rails/rack/log_tailer.rb:17:in `call'
  rack (1.4.5) lib/rack/handler/webrick.rb:59:in `service'
  /Users/ian/.rvm/rubies/ruby-2.0.0-p0/lib/ruby/2.0.0/webrick/httpserver.rb:138:in `service'
  /Users/ian/.rvm/rubies/ruby-2.0.0-p0/lib/ruby/2.0.0/webrick/httpserver.rb:94:in `run'
  /Users/ian/.rvm/rubies/ruby-2.0.0-p0/lib/ruby/2.0.0/webrick/server.rb:295:in `block in start_thread'


  Rendered /Users/ian/.rvm/gems/ruby-2.0.0-p0/gems/actionpack-3.2.13/lib/action_dispatch/middleware/templates/rescues/routing_error.erb within rescues/layout (0.5ms)


Started GET "/primal_cuts/1/cuts.json" for 127.0.0.1 at 2013-05-29 15:58:26 -0700
Processing by CutsController#index as JSON
  Parameters: {"primal_cut_id"=>"1"}
  [1m[35mPrimalCut Load (0.1ms)[0m  SELECT "primal_cuts".* FROM "primal_cuts" WHERE "primal_cuts"."id" = ? LIMIT 1  [["id", "1"]]
  [1m[36mCut Load (0.1ms)[0m  [1mSELECT "cuts".* FROM "cuts" WHERE "cuts"."primal_cut_id" = 1[0m
Completed 200 OK in 34ms (Views: 0.2ms | ActiveRecord: 0.0ms)


Started GET "/primal_cuts/3/cuts.json" for 127.0.0.1 at 2013-05-29 15:58:29 -0700
Processing by CutsController#index as JSON
  Parameters: {"primal_cut_id"=>"3"}
  [1m[35mPrimalCut Load (0.1ms)[0m  SELECT "primal_cuts".* FROM "primal_cuts" WHERE "primal_cuts"."id" = ? LIMIT 1  [["id", "3"]]
  [1m[36mCut Load (0.1ms)[0m  [1mSELECT "cuts".* FROM "cuts" WHERE "cuts"."primal_cut_id" = 3[0m
Completed 200 OK in 2ms (Views: 0.3ms | ActiveRecord: 0.0ms)
Connecting to database specified by database.yml
Connecting to database specified by database.yml
  [1m[36m (0.0ms)[0m  [1mselect sqlite_version(*)[0m
  [1m[35m (1.5ms)[0m  CREATE TABLE "schema_migrations" ("version" varchar(255) NOT NULL) 
  [1m[36m (0.9ms)[0m  [1mCREATE UNIQUE INDEX "unique_schema_migrations" ON "schema_migrations" ("version")[0m
  [1m[35m (0.1ms)[0m  SELECT "schema_migrations"."version" FROM "schema_migrations" 
  [1m[36m (0.1ms)[0m  [1mselect sqlite_version(*)[0m
  [1m[35m (1.0ms)[0m  CREATE TABLE "animals" ("id" INTEGER PRIMARY KEY AUTOINCREMENT NOT NULL, "name" varchar(255), "created_at" datetime NOT NULL, "updated_at" datetime NOT NULL) 
  [1m[36m (0.7ms)[0m  [1mCREATE TABLE "cuts" ("id" INTEGER PRIMARY KEY AUTOINCREMENT NOT NULL, "name" varchar(255), "primal_cut_id" integer, "animal_id" integer, "created_at" datetime NOT NULL, "updated_at" datetime NOT NULL) [0m
  [1m[35m (0.7ms)[0m  CREATE INDEX "index_cuts_on_animal_id" ON "cuts" ("animal_id")
  [1m[36m (0.6ms)[0m  [1mCREATE INDEX "index_cuts_on_primal_cut_id" ON "cuts" ("primal_cut_id")[0m
  [1m[35m (0.7ms)[0m  CREATE TABLE "primal_cuts" ("id" INTEGER PRIMARY KEY AUTOINCREMENT NOT NULL, "name" varchar(255), "animal_id" integer, "created_at" datetime NOT NULL, "updated_at" datetime NOT NULL) 
  [1m[36m (0.6ms)[0m  [1mCREATE INDEX "index_primal_cuts_on_animal_id" ON "primal_cuts" ("animal_id")[0m
  [1m[35m (0.8ms)[0m  CREATE TABLE "users" ("id" INTEGER PRIMARY KEY AUTOINCREMENT NOT NULL, "first_name" varchar(255), "last_name" varchar(255), "email" varchar(255), "created_at" datetime NOT NULL, "updated_at" datetime NOT NULL) 
  [1m[36m (0.7ms)[0m  [1mCREATE TABLE "schema_migrations" ("version" varchar(255) NOT NULL) [0m
  [1m[35m (0.5ms)[0m  CREATE UNIQUE INDEX "unique_schema_migrations" ON "schema_migrations" ("version")
  [1m[36m (0.1ms)[0m  [1mSELECT version FROM "schema_migrations"[0m
  [1m[35m (0.7ms)[0m  INSERT INTO "schema_migrations" (version) VALUES ('20130529212423')
Connecting to database specified by database.yml
  [1m[36m (0.1ms)[0m  [1mSELECT "schema_migrations"."version" FROM "schema_migrations" [0m
  [1m[35m (0.1ms)[0m  select sqlite_version(*)
  [1m[36m (1.3ms)[0m  [1mCREATE TABLE "animals" ("id" INTEGER PRIMARY KEY AUTOINCREMENT NOT NULL, "name" varchar(255), "created_at" datetime NOT NULL, "updated_at" datetime NOT NULL) [0m
  [1m[35m (0.9ms)[0m  CREATE TABLE "cuts" ("id" INTEGER PRIMARY KEY AUTOINCREMENT NOT NULL, "name" varchar(255), "primal_cut_id" integer, "animal_id" integer, "created_at" datetime NOT NULL, "updated_at" datetime NOT NULL) 
  [1m[36m (0.7ms)[0m  [1mCREATE INDEX "index_cuts_on_animal_id" ON "cuts" ("animal_id")[0m
  [1m[35m (0.6ms)[0m  CREATE INDEX "index_cuts_on_primal_cut_id" ON "cuts" ("primal_cut_id")
  [1m[36m (0.9ms)[0m  [1mCREATE TABLE "primal_cuts" ("id" INTEGER PRIMARY KEY AUTOINCREMENT NOT NULL, "name" varchar(255), "animal_id" integer, "created_at" datetime NOT NULL, "updated_at" datetime NOT NULL) [0m
  [1m[35m (0.7ms)[0m  CREATE INDEX "index_primal_cuts_on_animal_id" ON "primal_cuts" ("animal_id")
  [1m[36m (0.7ms)[0m  [1mCREATE TABLE "users" ("id" INTEGER PRIMARY KEY AUTOINCREMENT NOT NULL, "first_name" varchar(255), "last_name" varchar(255), "email" varchar(255), "created_at" datetime NOT NULL, "updated_at" datetime NOT NULL) [0m
  [1m[35m (0.7ms)[0m  CREATE TABLE "schema_migrations" ("version" varchar(255) NOT NULL) 
  [1m[36m (0.6ms)[0m  [1mCREATE UNIQUE INDEX "unique_schema_migrations" ON "schema_migrations" ("version")[0m
  [1m[35m (0.1ms)[0m  SELECT version FROM "schema_migrations"
  [1m[36m (0.8ms)[0m  [1mINSERT INTO "schema_migrations" (version) VALUES ('20130529212423')[0m
Connecting to database specified by database.yml
  [1m[36m (0.1ms)[0m  [1mSELECT "schema_migrations"."version" FROM "schema_migrations" [0m
  [1m[35m (0.1ms)[0m  select sqlite_version(*)
  [1m[36m (1.8ms)[0m  [1mCREATE TABLE "animals" ("id" INTEGER PRIMARY KEY AUTOINCREMENT NOT NULL, "name" varchar(255), "created_at" datetime NOT NULL, "updated_at" datetime NOT NULL) [0m
  [1m[35m (0.9ms)[0m  CREATE TABLE "cuts" ("id" INTEGER PRIMARY KEY AUTOINCREMENT NOT NULL, "name" varchar(255), "primal_cut_id" integer, "animal_id" integer, "created_at" datetime NOT NULL, "updated_at" datetime NOT NULL) 
  [1m[36m (0.7ms)[0m  [1mCREATE INDEX "index_cuts_on_animal_id" ON "cuts" ("animal_id")[0m
  [1m[35m (0.6ms)[0m  CREATE INDEX "index_cuts_on_primal_cut_id" ON "cuts" ("primal_cut_id")
  [1m[36m (0.8ms)[0m  [1mCREATE TABLE "primal_cuts" ("id" INTEGER PRIMARY KEY AUTOINCREMENT NOT NULL, "name" varchar(255), "animal_id" integer, "created_at" datetime NOT NULL, "updated_at" datetime NOT NULL) [0m
  [1m[35m (0.7ms)[0m  CREATE INDEX "index_primal_cuts_on_animal_id" ON "primal_cuts" ("animal_id")
  [1m[36m (0.8ms)[0m  [1mCREATE TABLE "users" ("id" INTEGER PRIMARY KEY AUTOINCREMENT NOT NULL, "first_name" varchar(255), "last_name" varchar(255), "email" varchar(255), "created_at" datetime NOT NULL, "updated_at" datetime NOT NULL) [0m
  [1m[35m (0.8ms)[0m  CREATE TABLE "schema_migrations" ("version" varchar(255) NOT NULL) 
  [1m[36m (0.6ms)[0m  [1mCREATE UNIQUE INDEX "unique_schema_migrations" ON "schema_migrations" ("version")[0m
  [1m[35m (0.1ms)[0m  SELECT version FROM "schema_migrations"
  [1m[36m (0.6ms)[0m  [1mINSERT INTO "schema_migrations" (version) VALUES ('20130529212423')[0m
Connecting to database specified by database.yml
  [1m[36m (0.1ms)[0m  [1mSELECT "schema_migrations"."version" FROM "schema_migrations" [0m
  [1m[35m (0.1ms)[0m  select sqlite_version(*)
  [1m[36m (1.0ms)[0m  [1mCREATE TABLE "animals" ("id" INTEGER PRIMARY KEY AUTOINCREMENT NOT NULL, "name" varchar(255), "created_at" datetime NOT NULL, "updated_at" datetime NOT NULL) [0m
  [1m[35m (1.0ms)[0m  CREATE TABLE "cuts" ("id" INTEGER PRIMARY KEY AUTOINCREMENT NOT NULL, "name" varchar(255), "primal_cut_id" integer, "animal_id" integer, "created_at" datetime NOT NULL, "updated_at" datetime NOT NULL) 
  [1m[36m (0.7ms)[0m  [1mCREATE INDEX "index_cuts_on_animal_id" ON "cuts" ("animal_id")[0m
  [1m[35m (0.7ms)[0m  CREATE INDEX "index_cuts_on_primal_cut_id" ON "cuts" ("primal_cut_id")
  [1m[36m (0.7ms)[0m  [1mCREATE TABLE "primal_cuts" ("id" INTEGER PRIMARY KEY AUTOINCREMENT NOT NULL, "name" varchar(255), "animal_id" integer, "created_at" datetime NOT NULL, "updated_at" datetime NOT NULL) [0m
  [1m[35m (0.6ms)[0m  CREATE INDEX "index_primal_cuts_on_animal_id" ON "primal_cuts" ("animal_id")
  [1m[36m (0.8ms)[0m  [1mCREATE TABLE "users" ("id" INTEGER PRIMARY KEY AUTOINCREMENT NOT NULL, "first_name" varchar(255), "last_name" varchar(255), "email" varchar(255), "created_at" datetime NOT NULL, "updated_at" datetime NOT NULL) [0m
  [1m[35m (0.7ms)[0m  CREATE TABLE "schema_migrations" ("version" varchar(255) NOT NULL) 
  [1m[36m (0.6ms)[0m  [1mCREATE UNIQUE INDEX "unique_schema_migrations" ON "schema_migrations" ("version")[0m
  [1m[35m (0.1ms)[0m  SELECT version FROM "schema_migrations"
  [1m[36m (0.6ms)[0m  [1mINSERT INTO "schema_migrations" (version) VALUES ('20130529212423')[0m
Connecting to database specified by database.yml
  [1m[36m (0.1ms)[0m  [1mSELECT "schema_migrations"."version" FROM "schema_migrations" [0m
  [1m[35m (0.1ms)[0m  select sqlite_version(*)
  [1m[36m (1.4ms)[0m  [1mCREATE TABLE "animals" ("id" INTEGER PRIMARY KEY AUTOINCREMENT NOT NULL, "name" varchar(255), "created_at" datetime NOT NULL, "updated_at" datetime NOT NULL) [0m
  [1m[35m (0.7ms)[0m  CREATE TABLE "cuts" ("id" INTEGER PRIMARY KEY AUTOINCREMENT NOT NULL, "name" varchar(255), "primal_cut_id" integer, "animal_id" integer, "created_at" datetime NOT NULL, "updated_at" datetime NOT NULL) 
  [1m[36m (0.7ms)[0m  [1mCREATE INDEX "index_cuts_on_animal_id" ON "cuts" ("animal_id")[0m
  [1m[35m (0.7ms)[0m  CREATE INDEX "index_cuts_on_primal_cut_id" ON "cuts" ("primal_cut_id")
  [1m[36m (0.8ms)[0m  [1mCREATE TABLE "primal_cuts" ("id" INTEGER PRIMARY KEY AUTOINCREMENT NOT NULL, "name" varchar(255), "animal_id" integer, "created_at" datetime NOT NULL, "updated_at" datetime NOT NULL) [0m
  [1m[35m (0.7ms)[0m  CREATE INDEX "index_primal_cuts_on_animal_id" ON "primal_cuts" ("animal_id")
  [1m[36m (0.8ms)[0m  [1mCREATE TABLE "users" ("id" INTEGER PRIMARY KEY AUTOINCREMENT NOT NULL, "first_name" varchar(255), "last_name" varchar(255), "email" varchar(255), "created_at" datetime NOT NULL, "updated_at" datetime NOT NULL) [0m
  [1m[35m (0.8ms)[0m  CREATE TABLE "schema_migrations" ("version" varchar(255) NOT NULL) 
  [1m[36m (0.6ms)[0m  [1mCREATE UNIQUE INDEX "unique_schema_migrations" ON "schema_migrations" ("version")[0m
  [1m[35m (0.1ms)[0m  SELECT version FROM "schema_migrations"
  [1m[36m (0.6ms)[0m  [1mINSERT INTO "schema_migrations" (version) VALUES ('20130529212423')[0m
Connecting to database specified by database.yml
  [1m[36m (0.1ms)[0m  [1mSELECT "schema_migrations"."version" FROM "schema_migrations" [0m
  [1m[35m (0.1ms)[0m  select sqlite_version(*)
  [1m[36m (1.7ms)[0m  [1mCREATE TABLE "animals" ("id" INTEGER PRIMARY KEY AUTOINCREMENT NOT NULL, "name" varchar(255), "created_at" datetime NOT NULL, "updated_at" datetime NOT NULL) [0m
  [1m[35m (0.9ms)[0m  CREATE TABLE "cuts" ("id" INTEGER PRIMARY KEY AUTOINCREMENT NOT NULL, "name" varchar(255), "primal_cut_id" integer, "animal_id" integer, "created_at" datetime NOT NULL, "updated_at" datetime NOT NULL) 
  [1m[36m (0.7ms)[0m  [1mCREATE INDEX "index_cuts_on_animal_id" ON "cuts" ("animal_id")[0m
  [1m[35m (0.8ms)[0m  CREATE INDEX "index_cuts_on_primal_cut_id" ON "cuts" ("primal_cut_id")
  [1m[36m (0.7ms)[0m  [1mCREATE TABLE "primal_cuts" ("id" INTEGER PRIMARY KEY AUTOINCREMENT NOT NULL, "name" varchar(255), "animal_id" integer, "created_at" datetime NOT NULL, "updated_at" datetime NOT NULL) [0m
  [1m[35m (0.7ms)[0m  CREATE INDEX "index_primal_cuts_on_animal_id" ON "primal_cuts" ("animal_id")
  [1m[36m (0.9ms)[0m  [1mCREATE TABLE "users" ("id" INTEGER PRIMARY KEY AUTOINCREMENT NOT NULL, "first_name" varchar(255), "last_name" varchar(255), "email" varchar(255), "created_at" datetime NOT NULL, "updated_at" datetime NOT NULL) [0m
  [1m[35m (0.8ms)[0m  CREATE TABLE "schema_migrations" ("version" varchar(255) NOT NULL) 
  [1m[36m (0.6ms)[0m  [1mCREATE UNIQUE INDEX "unique_schema_migrations" ON "schema_migrations" ("version")[0m
  [1m[35m (0.1ms)[0m  SELECT version FROM "schema_migrations"
  [1m[36m (0.6ms)[0m  [1mINSERT INTO "schema_migrations" (version) VALUES ('20130529212423')[0m
Connecting to database specified by database.yml
  [1m[36m (0.1ms)[0m  [1mSELECT "schema_migrations"."version" FROM "schema_migrations" [0m
  [1m[35m (0.1ms)[0m  select sqlite_version(*)
  [1m[36m (1.8ms)[0m  [1mCREATE TABLE "animals" ("id" INTEGER PRIMARY KEY AUTOINCREMENT NOT NULL, "name" varchar(255), "created_at" datetime NOT NULL, "updated_at" datetime NOT NULL) [0m
  [1m[35m (0.9ms)[0m  CREATE TABLE "cuts" ("id" INTEGER PRIMARY KEY AUTOINCREMENT NOT NULL, "name" varchar(255), "primal_cut_id" integer, "animal_id" integer, "created_at" datetime NOT NULL, "updated_at" datetime NOT NULL) 
  [1m[36m (0.6ms)[0m  [1mCREATE INDEX "index_cuts_on_animal_id" ON "cuts" ("animal_id")[0m
  [1m[35m (0.6ms)[0m  CREATE INDEX "index_cuts_on_primal_cut_id" ON "cuts" ("primal_cut_id")
  [1m[36m (0.8ms)[0m  [1mCREATE TABLE "primal_cuts" ("id" INTEGER PRIMARY KEY AUTOINCREMENT NOT NULL, "name" varchar(255), "animal_id" integer, "created_at" datetime NOT NULL, "updated_at" datetime NOT NULL) [0m
  [1m[35m (0.7ms)[0m  CREATE INDEX "index_primal_cuts_on_animal_id" ON "primal_cuts" ("animal_id")
  [1m[36m (0.7ms)[0m  [1mCREATE TABLE "users" ("id" INTEGER PRIMARY KEY AUTOINCREMENT NOT NULL, "first_name" varchar(255), "last_name" varchar(255), "email" varchar(255), "created_at" datetime NOT NULL, "updated_at" datetime NOT NULL) [0m
  [1m[35m (0.6ms)[0m  CREATE TABLE "schema_migrations" ("version" varchar(255) NOT NULL) 
  [1m[36m (0.6ms)[0m  [1mCREATE UNIQUE INDEX "unique_schema_migrations" ON "schema_migrations" ("version")[0m
  [1m[35m (0.1ms)[0m  SELECT version FROM "schema_migrations"
  [1m[36m (0.7ms)[0m  [1mINSERT INTO "schema_migrations" (version) VALUES ('20130529212423')[0m
Connecting to database specified by database.yml
Connecting to database specified by database.yml
Connecting to database specified by database.yml
Connecting to database specified by database.yml
